<?xml version="1.0" encoding="UTF-8"?>
<coverage generated="1740955180766" clover="3.2.0">
  <project timestamp="1740955180766" name="All files">
    <metrics statements="82" coveredstatements="78" conditionals="6" coveredconditionals="6" methods="11" coveredmethods="11" elements="99" coveredelements="95" complexity="0" loc="82" ncloc="82" packages="5" files="10" classes="10"/>
    <package name="app.db">
      <metrics statements="3" coveredstatements="3" conditionals="0" coveredconditionals="0" methods="0" coveredmethods="0"/>
      <file name="client.ts" path="/Users/mike/Coding/colourdle-v2/app/db/client.ts">
        <metrics statements="3" coveredstatements="3" conditionals="0" coveredconditionals="0" methods="0" coveredmethods="0"/>
        <line num="1" count="1" type="stmt"/>
        <line num="3" count="1" type="stmt"/>
        <line num="4" count="1" type="stmt"/>
      </file>
    </package>
    <package name="app.server">
      <metrics statements="36" coveredstatements="32" conditionals="6" coveredconditionals="6" methods="3" coveredmethods="3"/>
      <file name="auth.server.ts" path="/Users/mike/Coding/colourdle-v2/app/server/auth.server.ts">
        <metrics statements="29" coveredstatements="25" conditionals="6" coveredconditionals="6" methods="2" coveredmethods="2"/>
        <line num="1" count="1" type="stmt"/>
        <line num="2" count="1" type="stmt"/>
        <line num="3" count="1" type="stmt"/>
        <line num="17" count="1" type="stmt"/>
        <line num="18" count="4" type="stmt"/>
        <line num="19" count="4" type="stmt"/>
        <line num="21" count="4" type="cond" truecount="1" falsecount="0"/>
        <line num="22" count="1" type="stmt"/>
        <line num="27" count="3" type="stmt"/>
        <line num="29" count="3" type="stmt"/>
        <line num="39" count="3" type="stmt"/>
        <line num="40" count="3" type="stmt"/>
        <line num="43" count="3" type="stmt"/>
        <line num="51" count="0" type="stmt"/>
        <line num="52" count="0" type="stmt"/>
        <line num="59" count="1" type="stmt"/>
        <line num="60" count="4" type="stmt"/>
        <line num="61" count="4" type="cond" truecount="3" falsecount="0"/>
        <line num="62" count="1" type="stmt"/>
        <line num="68" count="3" type="stmt"/>
        <line num="70" count="3" type="cond" truecount="1" falsecount="0"/>
        <line num="71" count="1" type="stmt"/>
        <line num="77" count="2" type="stmt"/>
        <line num="79" count="2" type="cond" truecount="1" falsecount="0"/>
        <line num="80" count="1" type="stmt"/>
        <line num="86" count="1" type="stmt"/>
        <line num="91" count="0" type="stmt"/>
        <line num="92" count="0" type="stmt"/>
        <line num="99" count="1" type="stmt"/>
      </file>
      <file name="gameplay.server.ts" path="/Users/mike/Coding/colourdle-v2/app/server/gameplay.server.ts">
        <metrics statements="7" coveredstatements="7" conditionals="0" coveredconditionals="0" methods="1" coveredmethods="1"/>
        <line num="3" count="1" type="stmt"/>
        <line num="4" count="1" type="stmt"/>
        <line num="7" count="1" type="stmt"/>
        <line num="8" count="6" type="stmt"/>
        <line num="9" count="6" type="stmt"/>
        <line num="11" count="6" type="stmt"/>
        <line num="25" count="1" type="stmt"/>
      </file>
    </package>
    <package name="app.utils">
      <metrics statements="23" coveredstatements="23" conditionals="0" coveredconditionals="0" methods="6" coveredmethods="6"/>
      <file name="colourUtils.server.ts" path="/Users/mike/Coding/colourdle-v2/app/utils/colourUtils.server.ts">
        <metrics statements="13" coveredstatements="13" conditionals="0" coveredconditionals="0" methods="4" coveredmethods="4"/>
        <line num="1" count="1" type="stmt"/>
        <line num="2" count="2" type="stmt"/>
        <line num="9" count="1" type="stmt"/>
        <line num="10" count="7" type="stmt"/>
        <line num="11" count="21" type="stmt"/>
        <line num="12" count="21" type="stmt"/>
        <line num="15" count="7" type="stmt"/>
        <line num="18" count="1" type="stmt"/>
        <line num="19" count="7" type="stmt"/>
        <line num="20" count="7" type="stmt"/>
        <line num="21" count="7" type="stmt"/>
        <line num="23" count="7" type="stmt"/>
        <line num="26" count="1" type="stmt"/>
      </file>
      <file name="passwordUtils.server.ts" path="/Users/mike/Coding/colourdle-v2/app/utils/passwordUtils.server.ts">
        <metrics statements="7" coveredstatements="7" conditionals="0" coveredconditionals="0" methods="2" coveredmethods="2"/>
        <line num="1" count="1" type="stmt"/>
        <line num="3" count="1" type="stmt"/>
        <line num="4" count="5" type="stmt"/>
        <line num="5" count="5" type="stmt"/>
        <line num="8" count="1" type="stmt"/>
        <line num="9" count="3" type="stmt"/>
        <line num="12" count="1" type="stmt"/>
      </file>
      <file name="sessionsUtils.server.ts" path="/Users/mike/Coding/colourdle-v2/app/utils/sessionsUtils.server.ts">
        <metrics statements="3" coveredstatements="3" conditionals="0" coveredconditionals="0" methods="0" coveredmethods="0"/>
        <line num="1" count="1" type="stmt"/>
        <line num="11" count="1" type="stmt"/>
        <line num="26" count="1" type="stmt"/>
      </file>
    </package>
    <package name="prisma.data.test-data">
      <metrics statements="6" coveredstatements="6" conditionals="0" coveredconditionals="0" methods="0" coveredmethods="0"/>
      <file name="games.ts" path="/Users/mike/Coding/colourdle-v2/prisma/data/test-data/games.ts">
        <metrics statements="2" coveredstatements="2" conditionals="0" coveredconditionals="0" methods="0" coveredmethods="0"/>
        <line num="1" count="1" type="stmt"/>
        <line num="74" count="1" type="stmt"/>
      </file>
      <file name="results.ts" path="/Users/mike/Coding/colourdle-v2/prisma/data/test-data/results.ts">
        <metrics statements="2" coveredstatements="2" conditionals="0" coveredconditionals="0" methods="0" coveredmethods="0"/>
        <line num="1" count="1" type="stmt"/>
        <line num="64" count="1" type="stmt"/>
      </file>
      <file name="users.ts" path="/Users/mike/Coding/colourdle-v2/prisma/data/test-data/users.ts">
        <metrics statements="2" coveredstatements="2" conditionals="0" coveredconditionals="0" methods="0" coveredmethods="0"/>
        <line num="1" count="1" type="stmt"/>
        <line num="64" count="1" type="stmt"/>
      </file>
    </package>
    <package name="prisma.seeds">
      <metrics statements="14" coveredstatements="14" conditionals="0" coveredconditionals="0" methods="2" coveredmethods="2"/>
      <file name="seed.ts" path="/Users/mike/Coding/colourdle-v2/prisma/seeds/seed.ts">
        <metrics statements="14" coveredstatements="14" conditionals="0" coveredconditionals="0" methods="2" coveredmethods="2"/>
        <line num="1" count="1" type="stmt"/>
        <line num="34" count="1" type="stmt"/>
        <line num="36" count="19" type="stmt"/>
        <line num="37" count="19" type="stmt"/>
        <line num="38" count="19" type="stmt"/>
        <line num="41" count="19" type="stmt"/>
        <line num="42" count="19" type="stmt"/>
        <line num="45" count="19" type="stmt"/>
        <line num="46" count="19" type="stmt"/>
        <line num="51" count="19" type="stmt"/>
        <line num="52" count="190" type="stmt"/>
        <line num="63" count="190" type="stmt"/>
        <line num="66" count="19" type="stmt"/>
        <line num="79" count="1" type="stmt"/>
      </file>
    </package>
  </project>
</coverage>
