{"/Users/mike/Coding/colourdle-v2/app/db/client.ts": {"path":"/Users/mike/Coding/colourdle-v2/app/db/client.ts","statementMap":{"0":{"start":{"line":1,"column":0},"end":{"line":1,"column":46}},"1":{"start":{"line":3,"column":15},"end":{"line":3,"column":33}},"2":{"start":{"line":4,"column":0},"end":{"line":4,"column":22}}},"fnMap":{},"branchMap":{},"s":{"0":1,"1":1,"2":1},"f":{},"b":{}}
,"/Users/mike/Coding/colourdle-v2/app/server/auth.server.ts": {"path":"/Users/mike/Coding/colourdle-v2/app/server/auth.server.ts","statementMap":{"0":{"start":{"line":1,"column":0},"end":{"line":1,"column":34}},"1":{"start":{"line":2,"column":0},"end":{"line":2,"column":81}},"2":{"start":{"line":3,"column":0},"end":{"line":3,"column":74}},"3":{"start":{"line":17,"column":15},"end":{"line":57,"column":1}},"4":{"start":{"line":18,"column":2},"end":{"line":56,"column":3}},"5":{"start":{"line":19,"column":25},"end":{"line":19,"column":75}},"6":{"start":{"line":21,"column":4},"end":{"line":25,"column":9}},"7":{"start":{"line":22,"column":6},"end":{"line":25,"column":9}},"8":{"start":{"line":27,"column":27},"end":{"line":27,"column":58}},"9":{"start":{"line":29,"column":20},"end":{"line":36,"column":6}},"10":{"start":{"line":39,"column":20},"end":{"line":39,"column":38}},"11":{"start":{"line":40,"column":4},"end":{"line":40,"column":38}},"12":{"start":{"line":43,"column":4},"end":{"line":49,"column":7}},"13":{"start":{"line":51,"column":4},"end":{"line":51,"column":42}},"14":{"start":{"line":52,"column":4},"end":{"line":55,"column":7}},"15":{"start":{"line":99,"column":9},"end":{"line":99,"column":15}},"16":{"start":{"line":59,"column":14},"end":{"line":97,"column":1}},"17":{"start":{"line":60,"column":2},"end":{"line":96,"column":3}},"18":{"start":{"line":61,"column":4},"end":{"line":66,"column":5}},"19":{"start":{"line":62,"column":6},"end":{"line":65,"column":9}},"20":{"start":{"line":68,"column":17},"end":{"line":68,"column":67}},"21":{"start":{"line":70,"column":4},"end":{"line":75,"column":5}},"22":{"start":{"line":71,"column":6},"end":{"line":74,"column":9}},"23":{"start":{"line":77,"column":18},"end":{"line":77,"column":64}},"24":{"start":{"line":79,"column":4},"end":{"line":84,"column":5}},"25":{"start":{"line":80,"column":6},"end":{"line":83,"column":9}},"26":{"start":{"line":86,"column":4},"end":{"line":89,"column":7}},"27":{"start":{"line":91,"column":4},"end":{"line":91,"column":41}},"28":{"start":{"line":92,"column":4},"end":{"line":95,"column":7}},"29":{"start":{"line":99,"column":17},"end":{"line":99,"column":22}}},"fnMap":{"0":{"name":"(anonymous_1)","decl":{"start":{"line":17,"column":15},"end":{"line":17,"column":20}},"loc":{"start":{"line":17,"column":78},"end":{"line":57,"column":1}}},"1":{"name":"(anonymous_2)","decl":{"start":{"line":59,"column":14},"end":{"line":59,"column":19}},"loc":{"start":{"line":59,"column":55},"end":{"line":97,"column":1}}}},"branchMap":{"0":{"loc":{"start":{"line":21,"column":4},"end":{"line":25,"column":9}},"type":"if","locations":[{"start":{"line":21,"column":4},"end":{"line":25,"column":9}}]},"1":{"loc":{"start":{"line":61,"column":4},"end":{"line":66,"column":5}},"type":"if","locations":[{"start":{"line":61,"column":4},"end":{"line":66,"column":5}}]},"2":{"loc":{"start":{"line":61,"column":8},"end":{"line":61,"column":27}},"type":"binary-expr","locations":[{"start":{"line":61,"column":8},"end":{"line":61,"column":14}},{"start":{"line":61,"column":18},"end":{"line":61,"column":27}}]},"3":{"loc":{"start":{"line":70,"column":4},"end":{"line":75,"column":5}},"type":"if","locations":[{"start":{"line":70,"column":4},"end":{"line":75,"column":5}}]},"4":{"loc":{"start":{"line":79,"column":4},"end":{"line":84,"column":5}},"type":"if","locations":[{"start":{"line":79,"column":4},"end":{"line":84,"column":5}}]}},"s":{"0":1,"1":1,"2":1,"3":1,"4":4,"5":4,"6":4,"7":1,"8":3,"9":3,"10":3,"11":3,"12":3,"13":0,"14":0,"15":1,"16":1,"17":4,"18":4,"19":1,"20":3,"21":3,"22":1,"23":2,"24":2,"25":1,"26":1,"27":0,"28":0,"29":1},"f":{"0":4,"1":4},"b":{"0":[1],"1":[1],"2":[4,4],"3":[1],"4":[1]}}
,"/Users/mike/Coding/colourdle-v2/app/server/gameplay.server.ts": {"path":"/Users/mike/Coding/colourdle-v2/app/server/gameplay.server.ts","statementMap":{"0":{"start":{"line":3,"column":0},"end":{"line":3,"column":74}},"1":{"start":{"line":4,"column":0},"end":{"line":4,"column":34}},"2":{"start":{"line":7,"column":28},"end":{"line":20,"column":1}},"3":{"start":{"line":8,"column":14},"end":{"line":8,"column":33}},"4":{"start":{"line":9,"column":14},"end":{"line":9,"column":27}},"5":{"start":{"line":11,"column":2},"end":{"line":19,"column":5}},"6":{"start":{"line":25,"column":9},"end":{"line":25,"column":28}}},"fnMap":{"0":{"name":"(anonymous_1)","decl":{"start":{"line":7,"column":28},"end":{"line":7,"column":33}},"loc":{"start":{"line":7,"column":39},"end":{"line":20,"column":1}}}},"branchMap":{},"s":{"0":1,"1":1,"2":1,"3":6,"4":6,"5":6,"6":1},"f":{"0":6},"b":{}}
,"/Users/mike/Coding/colourdle-v2/app/utils/colourUtils.server.ts": {"path":"/Users/mike/Coding/colourdle-v2/app/utils/colourUtils.server.ts","statementMap":{"0":{"start":{"line":1,"column":17},"end":{"line":7,"column":1}},"1":{"start":{"line":2,"column":2},"end":{"line":6,"column":4}},"2":{"start":{"line":26,"column":9},"end":{"line":26,"column":17}},"3":{"start":{"line":9,"column":17},"end":{"line":16,"column":1}},"4":{"start":{"line":10,"column":20},"end":{"line":13,"column":4}},"5":{"start":{"line":11,"column":16},"end":{"line":11,"column":48}},"6":{"start":{"line":12,"column":4},"end":{"line":12,"column":32}},"7":{"start":{"line":15,"column":2},"end":{"line":15,"column":34}},"8":{"start":{"line":26,"column":19},"end":{"line":26,"column":27}},"9":{"start":{"line":18,"column":26},"end":{"line":24,"column":1}},"10":{"start":{"line":19,"column":12},"end":{"line":19,"column":43}},"11":{"start":{"line":20,"column":12},"end":{"line":20,"column":43}},"12":{"start":{"line":21,"column":12},"end":{"line":21,"column":43}},"13":{"start":{"line":23,"column":2},"end":{"line":23,"column":19}},"14":{"start":{"line":26,"column":29},"end":{"line":26,"column":46}}},"fnMap":{"0":{"name":"(anonymous_0)","decl":{"start":{"line":1,"column":17},"end":{"line":1,"column":18}},"loc":{"start":{"line":1,"column":33},"end":{"line":7,"column":1}}},"1":{"name":"(anonymous_1)","decl":{"start":{"line":9,"column":17},"end":{"line":9,"column":18}},"loc":{"start":{"line":9,"column":51},"end":{"line":16,"column":1}}},"2":{"name":"(anonymous_2)","decl":{"start":{"line":10,"column":28},"end":{"line":10,"column":29}},"loc":{"start":{"line":10,"column":38},"end":{"line":13,"column":3}}},"3":{"name":"(anonymous_3)","decl":{"start":{"line":18,"column":26},"end":{"line":18,"column":55}},"loc":{"start":{"line":18,"column":57},"end":{"line":24,"column":1}}}},"branchMap":{},"s":{"0":1,"1":2,"2":1,"3":1,"4":7,"5":21,"6":21,"7":7,"8":1,"9":1,"10":7,"11":7,"12":7,"13":7,"14":1},"f":{"0":2,"1":7,"2":21,"3":7},"b":{}}
,"/Users/mike/Coding/colourdle-v2/app/utils/passwordUtils.server.ts": {"path":"/Users/mike/Coding/colourdle-v2/app/utils/passwordUtils.server.ts","statementMap":{"0":{"start":{"line":1,"column":0},"end":{"line":1,"column":28}},"1":{"start":{"line":3,"column":24},"end":{"line":6,"column":1}},"2":{"start":{"line":4,"column":21},"end":{"line":4,"column":23}},"3":{"start":{"line":5,"column":2},"end":{"line":5,"column":49}},"4":{"start":{"line":12,"column":9},"end":{"line":12,"column":24}},"5":{"start":{"line":8,"column":24},"end":{"line":10,"column":1}},"6":{"start":{"line":9,"column":2},"end":{"line":9,"column":56}},"7":{"start":{"line":12,"column":26},"end":{"line":12,"column":41}}},"fnMap":{"0":{"name":"(anonymous_1)","decl":{"start":{"line":3,"column":24},"end":{"line":3,"column":29}},"loc":{"start":{"line":3,"column":51},"end":{"line":6,"column":1}}},"1":{"name":"(anonymous_2)","decl":{"start":{"line":8,"column":24},"end":{"line":8,"column":29}},"loc":{"start":{"line":8,"column":75},"end":{"line":10,"column":1}}}},"branchMap":{},"s":{"0":1,"1":1,"2":5,"3":5,"4":1,"5":1,"6":3,"7":1},"f":{"0":5,"1":3},"b":{}}
,"/Users/mike/Coding/colourdle-v2/app/utils/sessionsUtils.server.ts": {"path":"/Users/mike/Coding/colourdle-v2/app/utils/sessionsUtils.server.ts","statementMap":{"0":{"start":{"line":1,"column":0},"end":{"line":1,"column":58}},"1":{"start":{"line":11,"column":54},"end":{"line":24,"column":2}},"2":{"start":{"line":26,"column":9},"end":{"line":26,"column":19}},"3":{"start":{"line":26,"column":21},"end":{"line":26,"column":34}},"4":{"start":{"line":26,"column":36},"end":{"line":26,"column":50}}},"fnMap":{},"branchMap":{},"s":{"0":1,"1":1,"2":1,"3":1,"4":1},"f":{},"b":{}}
,"/Users/mike/Coding/colourdle-v2/prisma/data/test-data/games.ts": {"path":"/Users/mike/Coding/colourdle-v2/prisma/data/test-data/games.ts","statementMap":{"0":{"start":{"line":1,"column":17},"end":{"line":72,"column":2}},"1":{"start":{"line":74,"column":0},"end":{"line":74,"column":24}}},"fnMap":{},"branchMap":{},"s":{"0":1,"1":1},"f":{},"b":{}}
,"/Users/mike/Coding/colourdle-v2/prisma/data/test-data/results.ts": {"path":"/Users/mike/Coding/colourdle-v2/prisma/data/test-data/results.ts","statementMap":{"0":{"start":{"line":1,"column":19},"end":{"line":62,"column":null}},"1":{"start":{"line":64,"column":0},"end":{"line":64,"column":26}}},"fnMap":{},"branchMap":{},"s":{"0":1,"1":1},"f":{},"b":{}}
,"/Users/mike/Coding/colourdle-v2/prisma/data/test-data/users.ts": {"path":"/Users/mike/Coding/colourdle-v2/prisma/data/test-data/users.ts","statementMap":{"0":{"start":{"line":1,"column":17},"end":{"line":62,"column":null}},"1":{"start":{"line":64,"column":0},"end":{"line":64,"column":24}}},"fnMap":{},"branchMap":{},"s":{"0":1,"1":1},"f":{},"b":{}}
,"/Users/mike/Coding/colourdle-v2/prisma/seeds/seed.ts": {"path":"/Users/mike/Coding/colourdle-v2/prisma/seeds/seed.ts","statementMap":{"0":{"start":{"line":1,"column":0},"end":{"line":1,"column":44}},"1":{"start":{"line":34,"column":13},"end":{"line":71,"column":1}},"2":{"start":{"line":36,"column":2},"end":{"line":36,"column":35}},"3":{"start":{"line":37,"column":2},"end":{"line":37,"column":33}},"4":{"start":{"line":38,"column":2},"end":{"line":38,"column":33}},"5":{"start":{"line":41,"column":2},"end":{"line":41,"column":51}},"6":{"start":{"line":42,"column":18},"end":{"line":42,"column":70}},"7":{"start":{"line":45,"column":2},"end":{"line":45,"column":51}},"8":{"start":{"line":46,"column":18},"end":{"line":48,"column":4}},"9":{"start":{"line":51,"column":18},"end":{"line":64,"column":4}},"10":{"start":{"line":52,"column":25},"end":{"line":61,"column":6}},"11":{"start":{"line":63,"column":4},"end":{"line":63,"column":24}},"12":{"start":{"line":66,"column":2},"end":{"line":68,"column":5}},"13":{"start":{"line":79,"column":0},"end":{"line":79,"column":20}}},"fnMap":{"0":{"name":"(anonymous_1)","decl":{"start":{"line":34,"column":13},"end":{"line":34,"column":18}},"loc":{"start":{"line":34,"column":68},"end":{"line":71,"column":1}}},"1":{"name":"(anonymous_2)","decl":{"start":{"line":51,"column":33},"end":{"line":51,"column":34}},"loc":{"start":{"line":51,"column":51},"end":{"line":64,"column":3}}}},"branchMap":{},"s":{"0":1,"1":1,"2":19,"3":19,"4":19,"5":19,"6":19,"7":19,"8":19,"9":19,"10":190,"11":190,"12":19,"13":1},"f":{"0":19,"1":190},"b":{}}
}
