TN:
SF:app/db/client.ts
FNF:0
FNH:0
DA:1,1
DA:3,1
DA:4,1
LF:3
LH:3
BRF:0
BRH:0
end_of_record
TN:
SF:app/server/auth.server.ts
FN:17,(anonymous_1)
FN:59,(anonymous_2)
FNF:2
FNH:2
FNDA:4,(anonymous_1)
FNDA:4,(anonymous_2)
DA:1,1
DA:2,1
DA:3,1
DA:17,1
DA:18,4
DA:19,4
DA:21,4
DA:22,1
DA:27,3
DA:29,3
DA:39,3
DA:40,3
DA:43,3
DA:51,0
DA:52,0
DA:59,1
DA:60,4
DA:61,4
DA:62,1
DA:68,3
DA:70,3
DA:71,1
DA:77,2
DA:79,2
DA:80,1
DA:86,1
DA:91,0
DA:92,0
DA:99,1
LF:29
LH:25
BRDA:21,0,0,1
BRDA:61,1,0,1
BRDA:61,2,0,4
BRDA:61,2,1,4
BRDA:70,3,0,1
BRDA:79,4,0,1
BRF:6
BRH:6
end_of_record
TN:
SF:app/server/gameplay.server.ts
FN:7,(anonymous_1)
FNF:1
FNH:1
FNDA:6,(anonymous_1)
DA:3,1
DA:4,1
DA:7,1
DA:8,6
DA:9,6
DA:11,6
DA:25,1
LF:7
LH:7
BRF:0
BRH:0
end_of_record
TN:
SF:app/utils/colourUtils.server.ts
FN:1,(anonymous_0)
FN:9,(anonymous_1)
FN:10,(anonymous_2)
FN:18,(anonymous_3)
FNF:4
FNH:4
FNDA:2,(anonymous_0)
FNDA:7,(anonymous_1)
FNDA:21,(anonymous_2)
FNDA:7,(anonymous_3)
DA:1,1
DA:2,2
DA:9,1
DA:10,7
DA:11,21
DA:12,21
DA:15,7
DA:18,1
DA:19,7
DA:20,7
DA:21,7
DA:23,7
DA:26,1
LF:13
LH:13
BRF:0
BRH:0
end_of_record
TN:
SF:app/utils/passwordUtils.server.ts
FN:3,(anonymous_1)
FN:8,(anonymous_2)
FNF:2
FNH:2
FNDA:5,(anonymous_1)
FNDA:3,(anonymous_2)
DA:1,1
DA:3,1
DA:4,5
DA:5,5
DA:8,1
DA:9,3
DA:12,1
LF:7
LH:7
BRF:0
BRH:0
end_of_record
TN:
SF:app/utils/sessionsUtils.server.ts
FNF:0
FNH:0
DA:1,1
DA:11,1
DA:26,1
LF:3
LH:3
BRF:0
BRH:0
end_of_record
TN:
SF:prisma/data/test-data/games.ts
FNF:0
FNH:0
DA:1,1
DA:74,1
LF:2
LH:2
BRF:0
BRH:0
end_of_record
TN:
SF:prisma/data/test-data/results.ts
FNF:0
FNH:0
DA:1,1
DA:64,1
LF:2
LH:2
BRF:0
BRH:0
end_of_record
TN:
SF:prisma/data/test-data/users.ts
FNF:0
FNH:0
DA:1,1
DA:64,1
LF:2
LH:2
BRF:0
BRH:0
end_of_record
TN:
SF:prisma/seeds/seed.ts
FN:34,(anonymous_1)
FN:51,(anonymous_2)
FNF:2
FNH:2
FNDA:19,(anonymous_1)
FNDA:190,(anonymous_2)
DA:1,1
DA:34,1
DA:36,19
DA:37,19
DA:38,19
DA:41,19
DA:42,19
DA:45,19
DA:46,19
DA:51,19
DA:52,190
DA:63,190
DA:66,19
DA:79,1
LF:14
LH:14
BRF:0
BRH:0
end_of_record
